This is pdfTeX, Version 3.14159265-2.6-1.40.18 (TeX Live 2017/Debian) (preloaded format=pdflatex 2018.6.8)  11 OCT 2018 09:42
entering extended mode
 restricted \write18 enabled.
 %&-line parsing enabled.
**tutorial.tex
(./tutorial.tex
LaTeX2e <2017-04-15>
Babel <3.18> and hyphenation patterns for 84 language(s) loaded.
(/usr/share/texlive/texmf-dist/tex/latex/base/report.cls
Document Class: report 2014/09/29 v1.4h Standard LaTeX document class
(/usr/share/texlive/texmf-dist/tex/latex/base/size12.clo
File: size12.clo 2014/09/29 v1.4h Standard LaTeX file (size option)
)
\c@part=\count79
\c@chapter=\count80
\c@section=\count81
\c@subsection=\count82
\c@subsubsection=\count83
\c@paragraph=\count84
\c@subparagraph=\count85
\c@figure=\count86
\c@table=\count87
\abovecaptionskip=\skip41
\belowcaptionskip=\skip42
\bibindent=\dimen102
) (./uithesis.sty
(/usr/share/texlive/texmf-dist/tex/latex/tocbibind/tocbibind.sty
Package: tocbibind 2010/10/13 v1.5k extra ToC listings
Package tocbibind Info: The document has chapter divisions on input line 50.


Package tocbibind Note: Using chapter style headings, unless overridden.

) (/usr/share/texlive/texmf-dist/tex/latex/hyperref/hyperref.sty
Package: hyperref 2018/02/06 v6.86b Hypertext links for LaTeX

(/usr/share/texlive/texmf-dist/tex/generic/oberdiek/hobsub-hyperref.sty
Package: hobsub-hyperref 2016/05/16 v1.14 Bundle oberdiek, subset hyperref (HO)


(/usr/share/texlive/texmf-dist/tex/generic/oberdiek/hobsub-generic.sty
Package: hobsub-generic 2016/05/16 v1.14 Bundle oberdiek, subset generic (HO)
Package: hobsub 2016/05/16 v1.14 Construct package bundles (HO)
Package: infwarerr 2016/05/16 v1.4 Providing info/warning/error messages (HO)
Package: ltxcmds 2016/05/16 v1.23 LaTeX kernel commands for general use (HO)
Package: ifluatex 2016/05/16 v1.4 Provides the ifluatex switch (HO)
Package ifluatex Info: LuaTeX not detected.
Package: ifvtex 2016/05/16 v1.6 Detect VTeX and its facilities (HO)
Package ifvtex Info: VTeX not detected.
Package: intcalc 2016/05/16 v1.2 Expandable calculations with integers (HO)
Package: ifpdf 2017/03/15 v3.2 Provides the ifpdf switch
Package: etexcmds 2016/05/16 v1.6 Avoid name clashes with e-TeX commands (HO)
Package etexcmds Info: Could not find \expanded.
(etexcmds)             That can mean that you are not using pdfTeX 1.50 or
(etexcmds)             that some package has redefined \expanded.
(etexcmds)             In the latter case, load this package earlier.
Package: kvsetkeys 2016/05/16 v1.17 Key value parser (HO)
Package: kvdefinekeys 2016/05/16 v1.4 Define keys (HO)
Package: pdftexcmds 2018/01/21 v0.26 Utility functions of pdfTeX for LuaTeX (HO
)
Package pdftexcmds Info: LuaTeX not detected.
Package pdftexcmds Info: \pdf@primitive is available.
Package pdftexcmds Info: \pdf@ifprimitive is available.
Package pdftexcmds Info: \pdfdraftmode found.
Package: pdfescape 2016/05/16 v1.14 Implements pdfTeX's escape features (HO)
Package: bigintcalc 2016/05/16 v1.4 Expandable calculations on big integers (HO
)
Package: bitset 2016/05/16 v1.2 Handle bit-vector datatype (HO)
Package: uniquecounter 2016/05/16 v1.3 Provide unlimited unique counter (HO)
)
Package hobsub Info: Skipping package `hobsub' (already loaded).
Package: letltxmacro 2016/05/16 v1.5 Let assignment for LaTeX macros (HO)
Package: hopatch 2016/05/16 v1.3 Wrapper for package hooks (HO)
Package: xcolor-patch 2016/05/16 xcolor patch
Package: atveryend 2016/05/16 v1.9 Hooks at the very end of document (HO)
Package atveryend Info: \enddocument detected (standard20110627).
Package: atbegshi 2016/06/09 v1.18 At begin shipout hook (HO)
Package: refcount 2016/05/16 v3.5 Data extraction from label references (HO)
Package: hycolor 2016/05/16 v1.8 Color options for hyperref/bookmark (HO)
)
(/usr/share/texlive/texmf-dist/tex/latex/graphics/keyval.sty
Package: keyval 2014/10/28 v1.15 key=value parser (DPC)
\KV@toks@=\toks14
)
(/usr/share/texlive/texmf-dist/tex/generic/ifxetex/ifxetex.sty
Package: ifxetex 2010/09/12 v0.6 Provides ifxetex conditional
)
(/usr/share/texlive/texmf-dist/tex/latex/oberdiek/auxhook.sty
Package: auxhook 2016/05/16 v1.4 Hooks for auxiliary files (HO)
)
(/usr/share/texlive/texmf-dist/tex/latex/oberdiek/kvoptions.sty
Package: kvoptions 2016/05/16 v3.12 Key value format for package options (HO)
)
\@linkdim=\dimen103
\Hy@linkcounter=\count88
\Hy@pagecounter=\count89

(/usr/share/texlive/texmf-dist/tex/latex/hyperref/pd1enc.def
File: pd1enc.def 2018/02/06 v6.86b Hyperref: PDFDocEncoding definition (HO)
)
\Hy@SavedSpaceFactor=\count90

(/usr/share/texlive/texmf-dist/tex/latex/latexconfig/hyperref.cfg
File: hyperref.cfg 2002/06/06 v1.2 hyperref configuration of TeXLive
)
Package hyperref Info: Option `final' set `true' on input line 4383.
Package hyperref Info: Hyper figures OFF on input line 4509.
Package hyperref Info: Link nesting OFF on input line 4514.
Package hyperref Info: Hyper index ON on input line 4517.
Package hyperref Info: Plain pages OFF on input line 4524.
Package hyperref Info: Backreferencing OFF on input line 4529.
Package hyperref Info: Implicit mode ON; LaTeX internals redefined.
Package hyperref Info: Bookmarks ON on input line 4762.
\c@Hy@tempcnt=\count91

(/usr/share/texlive/texmf-dist/tex/latex/url/url.sty
\Urlmuskip=\muskip10
Package: url 2013/09/16  ver 3.4  Verb mode for urls, etc.
)
LaTeX Info: Redefining \url on input line 5115.
\XeTeXLinkMargin=\dimen104
\Fld@menulength=\count92
\Field@Width=\dimen105
\Fld@charsize=\dimen106
Package hyperref Info: Hyper figures OFF on input line 6369.
Package hyperref Info: Link nesting OFF on input line 6374.
Package hyperref Info: Hyper index ON on input line 6377.
Package hyperref Info: backreferencing OFF on input line 6384.
Package hyperref Info: Link coloring OFF on input line 6389.
Package hyperref Info: Link coloring with OCG OFF on input line 6394.
Package hyperref Info: PDF/A mode OFF on input line 6399.
LaTeX Info: Redefining \ref on input line 6439.
LaTeX Info: Redefining \pageref on input line 6443.
\Hy@abspage=\count93
\c@Item=\count94
\c@Hfootnote=\count95
)
Package hyperref Info: Driver (autodetected): hpdftex.

(/usr/share/texlive/texmf-dist/tex/latex/hyperref/hpdftex.def
File: hpdftex.def 2018/02/06 v6.86b Hyperref driver for pdfTeX
\Fld@listcount=\count96
\c@bookmark@seq@number=\count97

(/usr/share/texlive/texmf-dist/tex/latex/oberdiek/rerunfilecheck.sty
Package: rerunfilecheck 2016/05/16 v1.8 Rerun checks for auxiliary files (HO)
Package uniquecounter Info: New unique counter `rerunfilecheck' on input line 2
82.
)
\Hy@SectionHShift=\skip43
)
Package hyperref Info: Option `colorlinks' set `false' on input line 56.
Package hyperref Info: Option `bookmarksopen' set `false' on input line 56.
Package hyperref Info: Option `bookmarksnumbered' set `true' on input line 56.

(/usr/share/texlive/texmf-dist/tex/latex/multirow/multirow.sty
Package: multirow 2016/11/25 v2.2 Span multiple rows of a table
\multirow@colwidth=\skip44
\multirow@cntb=\count98
\multirow@dima=\skip45
\bigstrutjot=\dimen107
)
(/usr/share/texlive/texmf-dist/tex/latex/graphics/graphicx.sty
Package: graphicx 2017/06/01 v1.1a Enhanced LaTeX Graphics (DPC,SPQR)

(/usr/share/texlive/texmf-dist/tex/latex/graphics/graphics.sty
Package: graphics 2017/06/25 v1.2c Standard LaTeX Graphics (DPC,SPQR)

(/usr/share/texlive/texmf-dist/tex/latex/graphics/trig.sty
Package: trig 2016/01/03 v1.10 sin cos tan (DPC)
)
(/usr/share/texlive/texmf-dist/tex/latex/graphics-cfg/graphics.cfg
File: graphics.cfg 2016/06/04 v1.11 sample graphics configuration
)
Package graphics Info: Driver file: pdftex.def on input line 99.

(/usr/share/texlive/texmf-dist/tex/latex/graphics-def/pdftex.def
File: pdftex.def 2018/01/08 v1.0l Graphics/color driver for pdftex
))
\Gin@req@height=\dimen108
\Gin@req@width=\dimen109
)
(/usr/share/texlive/texmf-dist/tex/latex/setspace/setspace.sty
Package: setspace 2011/12/19 v6.7a set line spacing
)
(/usr/share/texlive/texmf-dist/tex/latex/geometry/geometry.sty
Package: geometry 2010/09/12 v5.6 Page Geometry
\Gm@cnth=\count99
\Gm@cntv=\count100
\c@Gm@tempcnt=\count101
\Gm@bindingoffset=\dimen110
\Gm@wd@mp=\dimen111
\Gm@odd@mp=\dimen112
\Gm@even@mp=\dimen113
\Gm@layoutwidth=\dimen114
\Gm@layoutheight=\dimen115
\Gm@layouthoffset=\dimen116
\Gm@layoutvoffset=\dimen117
\Gm@dimlist=\toks15
)
(/usr/share/texlive/texmf-dist/tex/latex/caption/caption.sty
Package: caption 2016/02/21 v3.3-144 Customizing captions (AR)

(/usr/share/texlive/texmf-dist/tex/latex/caption/caption3.sty
Package: caption3 2016/05/22 v1.7-166 caption3 kernel (AR)
Package caption3 Info: TeX engine: e-TeX on input line 67.
\captionmargin=\dimen118
\captionmargin@=\dimen119
\captionwidth=\dimen120
\caption@tempdima=\dimen121
\caption@indent=\dimen122
\caption@parindent=\dimen123
\caption@hangindent=\dimen124
)
\c@ContinuedFloat=\count102
Package caption Info: hyperref package is loaded.
)
(/usr/share/texlive/texmf-dist/tex/latex/amsmath/amsmath.sty
Package: amsmath 2017/09/02 v2.17a AMS math features
\@mathmargin=\skip46

For additional information on amsmath, use the `?' option.
(/usr/share/texlive/texmf-dist/tex/latex/amsmath/amstext.sty
Package: amstext 2000/06/29 v2.01 AMS text

(/usr/share/texlive/texmf-dist/tex/latex/amsmath/amsgen.sty
File: amsgen.sty 1999/11/30 v2.0 generic functions
\@emptytoks=\toks16
\ex@=\dimen125
))
(/usr/share/texlive/texmf-dist/tex/latex/amsmath/amsbsy.sty
Package: amsbsy 1999/11/29 v1.2d Bold Symbols
\pmbraise@=\dimen126
)
(/usr/share/texlive/texmf-dist/tex/latex/amsmath/amsopn.sty
Package: amsopn 2016/03/08 v2.02 operator names
)
\inf@bad=\count103
LaTeX Info: Redefining \frac on input line 213.
\uproot@=\count104
\leftroot@=\count105
LaTeX Info: Redefining \overline on input line 375.
\classnum@=\count106
\DOTSCASE@=\count107
LaTeX Info: Redefining \ldots on input line 472.
LaTeX Info: Redefining \dots on input line 475.
LaTeX Info: Redefining \cdots on input line 596.
\Mathstrutbox@=\box26
\strutbox@=\box27
\big@size=\dimen127
LaTeX Font Info:    Redeclaring font encoding OML on input line 712.
LaTeX Font Info:    Redeclaring font encoding OMS on input line 713.
\macc@depth=\count108
\c@MaxMatrixCols=\count109
\dotsspace@=\muskip11
\c@parentequation=\count110
\dspbrk@lvl=\count111
\tag@help=\toks17
\row@=\count112
\column@=\count113
\maxfields@=\count114
\andhelp@=\toks18
\eqnshift@=\dimen128
\alignsep@=\dimen129
\tagshift@=\dimen130
\tagwidth@=\dimen131
\totwidth@=\dimen132
\lineht@=\dimen133
\@envbody=\toks19
\multlinegap=\skip47
\multlinetaggap=\skip48
\mathdisplay@stack=\toks20
LaTeX Info: Redefining \[ on input line 2817.
LaTeX Info: Redefining \] on input line 2818.
)
(/usr/share/texlive/texmf-dist/tex/latex/fancyhdr/fancyhdr.sty
Package: fancyhdr 2017/06/30 v3.9a Extensive control of page headers and footer
s
\f@nch@headwidth=\skip49
\f@nch@O@elh=\skip50
\f@nch@O@erh=\skip51
\f@nch@O@olh=\skip52
\f@nch@O@orh=\skip53
\f@nch@O@elf=\skip54
\f@nch@O@erf=\skip55
\f@nch@O@olf=\skip56
\f@nch@O@orf=\skip57
)
(/usr/share/texlive/texmf-dist/tex/latex/pdfpages/pdfpages.sty
Package: pdfpages 2017/10/31 v0.5l Insert pages of external PDF documents (AM)

(/usr/share/texlive/texmf-dist/tex/latex/base/ifthen.sty
Package: ifthen 2014/09/29 v1.1c Standard LaTeX ifthen package (DPC)
)
(/usr/share/texlive/texmf-dist/tex/latex/tools/calc.sty
Package: calc 2014/10/28 v4.3 Infix arithmetic (KKT,FJ)
\calc@Acount=\count115
\calc@Bcount=\count116
\calc@Adimen=\dimen134
\calc@Bdimen=\dimen135
\calc@Askip=\skip58
\calc@Bskip=\skip59
LaTeX Info: Redefining \setlength on input line 80.
LaTeX Info: Redefining \addtolength on input line 81.
\calc@Ccount=\count117
\calc@Cskip=\skip60
)
(/usr/share/texlive/texmf-dist/tex/latex/eso-pic/eso-pic.sty
Package: eso-pic 2015/07/21 v2.0g eso-pic (RN)

(/usr/share/texlive/texmf-dist/tex/latex/xcolor/xcolor.sty
Package: xcolor 2016/05/11 v2.12 LaTeX color extensions (UK)

(/usr/share/texlive/texmf-dist/tex/latex/graphics-cfg/color.cfg
File: color.cfg 2016/01/02 v1.6 sample color configuration
)
Package xcolor Info: Driver file: pdftex.def on input line 225.
Package xcolor Info: Model `cmy' substituted by `cmy0' on input line 1348.
Package xcolor Info: Model `hsb' substituted by `rgb' on input line 1352.
Package xcolor Info: Model `RGB' extended on input line 1364.
Package xcolor Info: Model `HTML' substituted by `rgb' on input line 1366.
Package xcolor Info: Model `Hsb' substituted by `hsb' on input line 1367.
Package xcolor Info: Model `tHsb' substituted by `hsb' on input line 1368.
Package xcolor Info: Model `HSB' substituted by `hsb' on input line 1369.
Package xcolor Info: Model `Gray' substituted by `gray' on input line 1370.
Package xcolor Info: Model `wave' substituted by `hsb' on input line 1371.
))
\AM@pagewidth=\dimen136
\AM@pageheight=\dimen137

(/usr/share/texlive/texmf-dist/tex/latex/pdfpages/pppdftex.def
File: pppdftex.def 2017/10/31 v0.5l Pdfpages driver for pdfTeX (AM)
)
\AM@pagebox=\box28
\AM@global@opts=\toks21
\AM@toc@title=\toks22
\c@AM@survey=\count118
\AM@templatesizebox=\box29
)
(./fncychap.sty
Package: fncychap 2007/07/30 v1.34 LaTeX package (Revised chapters)
\RW=\skip61
\mylen=\skip62
\myhi=\skip63
\px=\skip64
\py=\skip65
\pyy=\skip66
\pxx=\skip67
) (/usr/share/texlive/texmf-dist/tex/latex/lastpage/lastpage.sty
Package: lastpage 2015/03/29 v1.2m Refers to last page's name (HMM; JPG)
) (/usr/share/texlive/texmf-dist/tex/latex/colortbl/colortbl.sty
Package: colortbl 2012/02/13 v1.0a Color table columns (DPC)

(/usr/share/texlive/texmf-dist/tex/latex/tools/array.sty
Package: array 2016/10/06 v2.4d Tabular extension package (FMi)
\col@sep=\dimen138
\extrarowheight=\dimen139
\NC@list=\toks23
\extratabsurround=\skip68
\backup@length=\skip69
)
\everycr=\toks24
\minrowclearance=\skip70
)
(/usr/share/texlive/texmf-dist/tex/latex/float/float.sty
Package: float 2001/11/08 v1.3d Float enhancements (AL)
\c@float@type=\count119
\float@exts=\toks25
\float@box=\box30
\@float@everytoks=\toks26
\@floatcapt=\box31
)
(/usr/share/texlive/texmf-dist/tex/latex/graphics/lscape.sty
Package: lscape 2000/10/22 v3.01 Landscape Pages (DPC)
)
(/usr/share/texlive/texmf-dist/tex/latex/booktabs/booktabs.sty
Package: booktabs 2016/04/27 v1.618033 publication quality tables
\heavyrulewidth=\dimen140
\lightrulewidth=\dimen141
\cmidrulewidth=\dimen142
\belowrulesep=\dimen143
\belowbottomsep=\dimen144
\aboverulesep=\dimen145
\abovetopsep=\dimen146
\cmidrulesep=\dimen147
\cmidrulekern=\dimen148
\defaultaddspace=\dimen149
\@cmidla=\count120
\@cmidlb=\count121
\@aboverulesep=\dimen150
\@belowrulesep=\dimen151
\@thisruleclass=\count122
\@lastruleclass=\count123
\@thisrulewidth=\dimen152
)
(/usr/share/texlive/texmf-dist/tex/latex/tools/longtable.sty
Package: longtable 2014/10/28 v4.11 Multi-page Table package (DPC)
\LTleft=\skip71
\LTright=\skip72
\LTpre=\skip73
\LTpost=\skip74
\LTchunksize=\count124
\LTcapwidth=\dimen153
\LT@head=\box32
\LT@firsthead=\box33
\LT@foot=\box34
\LT@lastfoot=\box35
\LT@cols=\count125
\LT@rows=\count126
\c@LT@tables=\count127
\c@LT@chunks=\count128
\LT@p@ftn=\toks27
))
(/usr/share/texlive/texmf-dist/tex/latex/base/textcomp.sty
Package: textcomp 2017/04/05 v2.0i Standard LaTeX package
Package textcomp Info: Sub-encoding information:
(textcomp)               5 = only ISO-Adobe without \textcurrency
(textcomp)               4 = 5 + \texteuro
(textcomp)               3 = 4 + \textohm
(textcomp)               2 = 3 + \textestimated + \textcurrency
(textcomp)               1 = TS1 - \textcircled - \t
(textcomp)               0 = TS1 (full)
(textcomp)             Font families with sub-encoding setting implement
(textcomp)             only a restricted character set as indicated.
(textcomp)             Family '?' is the default used for unknown fonts.
(textcomp)             See the documentation for details.
Package textcomp Info: Setting ? sub-encoding to TS1/1 on input line 79.

(/usr/share/texlive/texmf-dist/tex/latex/base/ts1enc.def
File: ts1enc.def 2001/06/05 v3.0e (jk/car/fm) Standard LaTeX file
)
LaTeX Info: Redefining \oldstylenums on input line 334.
Package textcomp Info: Setting cmr sub-encoding to TS1/0 on input line 349.
Package textcomp Info: Setting cmss sub-encoding to TS1/0 on input line 350.
Package textcomp Info: Setting cmtt sub-encoding to TS1/0 on input line 351.
Package textcomp Info: Setting cmvtt sub-encoding to TS1/0 on input line 352.
Package textcomp Info: Setting cmbr sub-encoding to TS1/0 on input line 353.
Package textcomp Info: Setting cmtl sub-encoding to TS1/0 on input line 354.
Package textcomp Info: Setting ccr sub-encoding to TS1/0 on input line 355.
Package textcomp Info: Setting ptm sub-encoding to TS1/4 on input line 356.
Package textcomp Info: Setting pcr sub-encoding to TS1/4 on input line 357.
Package textcomp Info: Setting phv sub-encoding to TS1/4 on input line 358.
Package textcomp Info: Setting ppl sub-encoding to TS1/3 on input line 359.
Package textcomp Info: Setting pag sub-encoding to TS1/4 on input line 360.
Package textcomp Info: Setting pbk sub-encoding to TS1/4 on input line 361.
Package textcomp Info: Setting pnc sub-encoding to TS1/4 on input line 362.
Package textcomp Info: Setting pzc sub-encoding to TS1/4 on input line 363.
Package textcomp Info: Setting bch sub-encoding to TS1/4 on input line 364.
Package textcomp Info: Setting put sub-encoding to TS1/5 on input line 365.
Package textcomp Info: Setting uag sub-encoding to TS1/5 on input line 366.
Package textcomp Info: Setting ugq sub-encoding to TS1/5 on input line 367.
Package textcomp Info: Setting ul8 sub-encoding to TS1/4 on input line 368.
Package textcomp Info: Setting ul9 sub-encoding to TS1/4 on input line 369.
Package textcomp Info: Setting augie sub-encoding to TS1/5 on input line 370.
Package textcomp Info: Setting dayrom sub-encoding to TS1/3 on input line 371.
Package textcomp Info: Setting dayroms sub-encoding to TS1/3 on input line 372.

Package textcomp Info: Setting pxr sub-encoding to TS1/0 on input line 373.
Package textcomp Info: Setting pxss sub-encoding to TS1/0 on input line 374.
Package textcomp Info: Setting pxtt sub-encoding to TS1/0 on input line 375.
Package textcomp Info: Setting txr sub-encoding to TS1/0 on input line 376.
Package textcomp Info: Setting txss sub-encoding to TS1/0 on input line 377.
Package textcomp Info: Setting txtt sub-encoding to TS1/0 on input line 378.
Package textcomp Info: Setting lmr sub-encoding to TS1/0 on input line 379.
Package textcomp Info: Setting lmdh sub-encoding to TS1/0 on input line 380.
Package textcomp Info: Setting lmss sub-encoding to TS1/0 on input line 381.
Package textcomp Info: Setting lmssq sub-encoding to TS1/0 on input line 382.
Package textcomp Info: Setting lmvtt sub-encoding to TS1/0 on input line 383.
Package textcomp Info: Setting lmtt sub-encoding to TS1/0 on input line 384.
Package textcomp Info: Setting qhv sub-encoding to TS1/0 on input line 385.
Package textcomp Info: Setting qag sub-encoding to TS1/0 on input line 386.
Package textcomp Info: Setting qbk sub-encoding to TS1/0 on input line 387.
Package textcomp Info: Setting qcr sub-encoding to TS1/0 on input line 388.
Package textcomp Info: Setting qcs sub-encoding to TS1/0 on input line 389.
Package textcomp Info: Setting qpl sub-encoding to TS1/0 on input line 390.
Package textcomp Info: Setting qtm sub-encoding to TS1/0 on input line 391.
Package textcomp Info: Setting qzc sub-encoding to TS1/0 on input line 392.
Package textcomp Info: Setting qhvc sub-encoding to TS1/0 on input line 393.
Package textcomp Info: Setting futs sub-encoding to TS1/4 on input line 394.
Package textcomp Info: Setting futx sub-encoding to TS1/4 on input line 395.
Package textcomp Info: Setting futj sub-encoding to TS1/4 on input line 396.
Package textcomp Info: Setting hlh sub-encoding to TS1/3 on input line 397.
Package textcomp Info: Setting hls sub-encoding to TS1/3 on input line 398.
Package textcomp Info: Setting hlst sub-encoding to TS1/3 on input line 399.
Package textcomp Info: Setting hlct sub-encoding to TS1/5 on input line 400.
Package textcomp Info: Setting hlx sub-encoding to TS1/5 on input line 401.
Package textcomp Info: Setting hlce sub-encoding to TS1/5 on input line 402.
Package textcomp Info: Setting hlcn sub-encoding to TS1/5 on input line 403.
Package textcomp Info: Setting hlcw sub-encoding to TS1/5 on input line 404.
Package textcomp Info: Setting hlcf sub-encoding to TS1/5 on input line 405.
Package textcomp Info: Setting pplx sub-encoding to TS1/3 on input line 406.
Package textcomp Info: Setting pplj sub-encoding to TS1/3 on input line 407.
Package textcomp Info: Setting ptmx sub-encoding to TS1/4 on input line 408.
Package textcomp Info: Setting ptmj sub-encoding to TS1/4 on input line 409.
)
(./laporan_setting.tex)
\@input{hype.indonesia.aux}
\openout2 = `hype.indonesia.aux'.

(./hype.indonesia.tex) (./istilah.tex) (./tutorial.aux (./sampul.aux)
(./pengantar.aux) (./bab1.aux) (./bab2.aux) (./bab3.aux) (./bab4.aux

LaTeX Warning: Label `fig:jeda' multiply defined.

))
\openout1 = `tutorial.aux'.

LaTeX Font Info:    Checking defaults for OML/cmm/m/it on input line 30.
LaTeX Font Info:    ... okay on input line 30.
LaTeX Font Info:    Checking defaults for T1/cmr/m/n on input line 30.
LaTeX Font Info:    ... okay on input line 30.
LaTeX Font Info:    Checking defaults for OT1/cmr/m/n on input line 30.
LaTeX Font Info:    ... okay on input line 30.
LaTeX Font Info:    Checking defaults for OMS/cmsy/m/n on input line 30.
LaTeX Font Info:    ... okay on input line 30.
LaTeX Font Info:    Checking defaults for OMX/cmex/m/n on input line 30.
LaTeX Font Info:    ... okay on input line 30.
LaTeX Font Info:    Checking defaults for U/cmr/m/n on input line 30.
LaTeX Font Info:    ... okay on input line 30.
LaTeX Font Info:    Checking defaults for PD1/pdf/m/n on input line 30.
LaTeX Font Info:    ... okay on input line 30.
LaTeX Font Info:    Checking defaults for TS1/cmr/m/n on input line 30.
LaTeX Font Info:    Try loading font information for TS1+cmr on input line 30.
 (/usr/share/texlive/texmf-dist/tex/latex/base/ts1cmr.fd
File: ts1cmr.fd 2014/09/29 v2.5h Standard LaTeX font definitions
)
LaTeX Font Info:    ... okay on input line 30.
\AtBeginShipoutBox=\box36
Package hyperref Info: Link coloring OFF on input line 30.

(/usr/share/texlive/texmf-dist/tex/latex/hyperref/nameref.sty
Package: nameref 2016/05/21 v2.44 Cross-referencing by name of section

(/usr/share/texlive/texmf-dist/tex/generic/oberdiek/gettitlestring.sty
Package: gettitlestring 2016/05/16 v1.5 Cleanup title references (HO)
)
\c@section@level=\count129
)
LaTeX Info: Redefining \ref on input line 30.
LaTeX Info: Redefining \pageref on input line 30.
LaTeX Info: Redefining \nameref on input line 30.

(./tutorial.out) (./tutorial.out)
\@outlinefile=\write3
\openout3 = `tutorial.out'.


(/usr/share/texlive/texmf-dist/tex/context/base/mkii/supp-pdf.mkii
[Loading MPS to PDF converter (version 2006.09.02).]
\scratchcounter=\count130
\scratchdimen=\dimen154
\scratchbox=\box37
\nofMPsegments=\count131
\nofMParguments=\count132
\everyMPshowfont=\toks28
\MPscratchCnt=\count133
\MPscratchDim=\dimen155
\MPnumerator=\count134
\makeMPintoPDFobject=\count135
\everyMPtoPDFconversion=\toks29
) (/usr/share/texlive/texmf-dist/tex/latex/oberdiek/epstopdf-base.sty
Package: epstopdf-base 2016/05/15 v2.6 Base part for package epstopdf

(/usr/share/texlive/texmf-dist/tex/latex/oberdiek/grfext.sty
Package: grfext 2016/05/16 v1.2 Manage graphics extensions (HO)
)
Package epstopdf-base Info: Redefining graphics rule for `.eps' on input line 4
38.
Package grfext Info: Graphics extension search list:
(grfext)             [.pdf,.png,.jpg,.mps,.jpeg,.jbig2,.jb2,.PDF,.PNG,.JPG,.JPE
G,.JBIG2,.JB2,.eps]
(grfext)             \AppendGraphicsExtensions on input line 456.

(/usr/share/texlive/texmf-dist/tex/latex/latexconfig/epstopdf-sys.cfg
File: epstopdf-sys.cfg 2010/07/13 v1.3 Configuration of (r)epstopdf for TeX Liv
e
))
*geometry* driver: auto-detecting
*geometry* detected driver: pdftex
*geometry* verbose mode - [ preamble ] result:
* driver: pdftex
* paper: a4paper
* layout: <same size as paper>
* layoutoffset:(h,v)=(0.0pt,0.0pt)
* modes: 
* h-part:(L,W,R)=(113.81102pt, 398.3386pt, 85.35826pt)
* v-part:(T,H,B)=(85.35826pt, 674.33032pt, 85.35826pt)
* \paperwidth=597.50787pt
* \paperheight=845.04684pt
* \textwidth=398.3386pt
* \textheight=674.33032pt
* \oddsidemargin=41.54103pt
* \evensidemargin=41.54103pt
* \topmargin=-11.91173pt
* \headheight=0.0pt
* \headsep=25.0pt
* \topskip=12.0pt
* \footskip=30.0pt
* \marginparwidth=35.0pt
* \marginparsep=10.0pt
* \columnsep=10.0pt
* \skip\footins=10.8pt plus 4.0pt minus 2.0pt
* \hoffset=0.0pt
* \voffset=0.0pt
* \mag=1000
* \@twocolumnfalse
* \@twosidefalse
* \@mparswitchfalse
* \@reversemarginfalse
* (1in=72.27pt=25.4mm, 1cm=28.453pt)

Package caption Info: Begin \AtBeginDocument code.
Package caption Info: float package is loaded.
Package caption Info: longtable package is loaded.
(/usr/share/texlive/texmf-dist/tex/latex/caption/ltcaption.sty
Package: ltcaption 2013/06/09 v1.4-94 longtable captions (AR)
)
Package caption Info: End \AtBeginDocument code.

(/usr/share/texlive/texmf-dist/tex/latex/oberdiek/pdflscape.sty
Package: pdflscape 2016/05/14 v0.11 Display of landscape pages in PDF (HO)
Package pdflscape Info: Auto-detected driver: pdftex on input line 81.
)
Package lastpage Info: Please have a look at the pageslts package at
(lastpage)             https://www.ctan.org/pkg/pageslts
(lastpage)             ! on input line 30.
\openout2 = `sampul.aux'.

 (./sampul.tex
<pics/logo.png, id=58, 318.18875pt x 321.2pt>
File: pics/logo.png Graphic file (type png)
<use pics/logo.png>
Package pdftex.def Info: pics/logo.png  used on input line 14.
(pdftex.def)             Requested size: 71.13188pt x 71.80127pt.

[1




{/var/lib/texmf/fonts/map/pdftex/updmap/pdftex.map} <./pics/logo.png>])

Package hyperref Warning: Token not allowed in a PDF string (PDFDocEncoding):
(hyperref)                removing `\uppercase' on input line 62.

\openout2 = `pengantar.aux'.

(./pengantar.tex) [1



] (./tutorial.toc)
\tf@toc=\write4
\openout4 = `tutorial.toc'.

 [2


] (./tutorial.lof
Underfull \hbox (badness 1655) in paragraph at lines 32--32
 [][] [][]\OT1/cmr/m/n/12 Dialog un-tuk menam-bahkan se-jum-lah re-spon-den sek
ali-gus 
 []

[3


])
\tf@lof=\write5
\openout5 = `tutorial.lof'.



Package Fancyhdr Warning: \headheight is too small (0.0pt): 
 Make it at least 14.49998pt.
 We now make it that large for the rest of the document.
 This may cause the page layout to be inconsistent, however.

[4]
\openout2 = `bab1.aux'.

 (./bab1.tex
BAB 1.

Package hyperref Warning: Token not allowed in a PDF string (PDFDocEncoding):
(hyperref)                removing `\uppercase' on input line 1.

<pics/surat4admin.png, id=302, 885.3075pt x 402.50375pt>
File: pics/surat4admin.png Graphic file (type png)
<use pics/surat4admin.png>
Package pdftex.def Info: pics/surat4admin.png  used on input line 6.
(pdftex.def)             Requested size: 309.86226pt x 140.87842pt.
<pics/login.png, id=305, 312.41719pt x 402.75468pt>
File: pics/login.png Graphic file (type png)
<use pics/login.png>
Package pdftex.def Info: pics/login.png  used on input line 15.
(pdftex.def)             Requested size: 140.58643pt x 181.23793pt.
<pics/masukPertama.png, id=307, 1009.52156pt x 404.26031pt>
File: pics/masukPertama.png Graphic file (type png)
<use pics/masukPertama.png>
Package pdftex.def Info: pics/masukPertama.png  used on input line 24.
(pdftex.def)             Requested size: 353.33784pt x 141.49323pt.
pdfTeX warning (ext4): destination with the same identifier (name{page.1}) has 
been already used, duplicate ignored
<to be read again> 
                   \relax 
l.28 \end{figure}
                  [1



 <./pics/surat4admin.png (PNG copy)> <./pics/login.png (PNG copy)>]
<pics/recoverPasswd.png, id=315, 311.66437pt x 397.485pt>
File: pics/recoverPasswd.png Graphic file (type png)
<use pics/recoverPasswd.png>
Package pdftex.def Info: pics/recoverPasswd.png  used on input line 35.
(pdftex.def)             Requested size: 109.08415pt x 139.12183pt.
<pics/recoverPasswd1.png, id=317, 240.9pt x 330.48468pt>
File: pics/recoverPasswd1.png Graphic file (type png)
<use pics/recoverPasswd1.png>
Package pdftex.def Info: pics/recoverPasswd1.png  used on input line 44.
(pdftex.def)             Requested size: 84.31625pt x 115.67137pt.
)

Package Fancyhdr Warning: \headheight is too small (0.0pt): 
 Make it at least 14.49998pt.
 We now make it that large for the rest of the document.
 This may cause the page layout to be inconsistent, however.

[2 <./pics/masukPertama.png (PNG copy)> <./pics/recoverPasswd.png (PNG copy)>]

Package Fancyhdr Warning: \headheight is too small (0.0pt): 
 Make it at least 14.49998pt.
 We now make it that large for the rest of the document.
 This may cause the page layout to be inconsistent, however.

[3 <./pics/recoverPasswd1.png (PNG copy)>]
\openout2 = `bab2.aux'.

 (./bab2.tex
BAB 2.

Package hyperref Warning: Token not allowed in a PDF string (PDFDocEncoding):
(hyperref)                removing `\uppercase' on input line 1.

<pics/createSurvey.png, id=329, 718.685pt x 231.86626pt>
File: pics/createSurvey.png Graphic file (type png)
<use pics/createSurvey.png>
Package pdftex.def Info: pics/createSurvey.png  used on input line 6.
(pdftex.def)             Requested size: 323.40526pt x 104.33884pt.
<pics/proyekSurvey.png, id=331, 1015.54407pt x 344.78813pt>
File: pics/proyekSurvey.png Graphic file (type png)
<use pics/proyekSurvey.png>
Package pdftex.def Info: pics/proyekSurvey.png  used on input line 15.
(pdftex.def)             Requested size: 355.44576pt x 120.67764pt.
<pics/proyekSurvey1.png, id=334, 1014.79124pt x 400.49625pt>
File: pics/proyekSurvey1.png Graphic file (type png)
<use pics/proyekSurvey1.png>
Package pdftex.def Info: pics/proyekSurvey1.png  used on input line 26.
(pdftex.def)             Requested size: 355.18225pt x 140.17578pt.
[4



 <./pics/createSurvey.png (PNG copy)> <./pics/proyekSurvey.png (PNG copy)>]
<pics/daftarSurvey.png, id=342, 1014.79124pt x 382.42876pt>
File: pics/daftarSurvey.png Graphic file (type png)
<use pics/daftarSurvey.png>
Package pdftex.def Info: pics/daftarSurvey.png  used on input line 36.
(pdftex.def)             Requested size: 355.18225pt x 133.85207pt.
<pics/proyekSurvey2.png, id=344, 1027.58907pt x 453.94594pt>
File: pics/proyekSurvey2.png Graphic file (type png)
<use pics/proyekSurvey2.png>
Package pdftex.def Info: pics/proyekSurvey2.png  used on input line 46.
(pdftex.def)             Requested size: 411.02835pt x 181.57515pt.

Overfull \hbox (12.68976pt too wide) in paragraph at lines 46--47
 [] 
 []


Package Fancyhdr Warning: \headheight is too small (0.0pt): 
 Make it at least 14.49998pt.
 We now make it that large for the rest of the document.
 This may cause the page layout to be inconsistent, however.

[5 <./pics/proyekSurvey1.png (PNG copy)> <./pics/daftarSurvey.png (PNG copy)>]
<pics/addGroupStructure.png, id=352, 1016.29688pt x 375.65344pt>
File: pics/addGroupStructure.png Graphic file (type png)
<use pics/addGroupStructure.png>
Package pdftex.def Info: pics/addGroupStructure.png  used on input line 56.
(pdftex.def)             Requested size: 355.70924pt x 131.48067pt.
<pics/pertanyaanDanKode.png, id=354, 436.63126pt x 316.93407pt>
File: pics/pertanyaanDanKode.png Graphic file (type png)
<use pics/pertanyaanDanKode.png>
Package pdftex.def Info: pics/pertanyaanDanKode.png  used on input line 67.
(pdftex.def)             Requested size: 218.3151pt x 158.46664pt.

Underfull \hbox (badness 10000) in paragraph at lines 64--71

 []


Package Fancyhdr Warning: \headheight is too small (0.0pt): 
 Make it at least 14.49998pt.
 We now make it that large for the rest of the document.
 This may cause the page layout to be inconsistent, however.

[6 <./pics/proyekSurvey2.png (PNG copy)> <./pics/addGroupStructure.png (PNG cop
y)>]
<pics/jenisPertanyaan.png, id=362, 293.59688pt x 414.04688pt>
File: pics/jenisPertanyaan.png Graphic file (type png)
<use pics/jenisPertanyaan.png>
Package pdftex.def Info: pics/jenisPertanyaan.png  used on input line 75.
(pdftex.def)             Requested size: 146.79807pt x 207.02292pt.

Underfull \hbox (badness 10000) in paragraph at lines 72--79

 []

<pics/komentarResponden.png, id=365, 436.63126pt x 245.41687pt>
File: pics/komentarResponden.png Graphic file (type png)
<use pics/komentarResponden.png>
Package pdftex.def Info: pics/komentarResponden.png  used on input line 83.
(pdftex.def)             Requested size: 218.3151pt x 122.70813pt.

Underfull \hbox (badness 1708) in paragraph at lines 80--87
\OT1/cmr/m/n/12 berhada-pan de-ngan pil-i-han jawa-ban dan kolom ko-men-tar sep
erti
 []


Underfull \hbox (badness 10000) in paragraph at lines 80--87

 []

<pics/jenisRespon.png, id=366, 793.96625pt x 496.85625pt>
File: pics/jenisRespon.png Graphic file (type png)
<use pics/jenisRespon.png>
Package pdftex.def Info: pics/jenisRespon.png  used on input line 90.
(pdftex.def)             Requested size: 396.98215pt x 248.4275pt.

Package Fancyhdr Warning: \headheight is too small (0.0pt): 
 Make it at least 14.49998pt.
 We now make it that large for the rest of the document.
 This may cause the page layout to be inconsistent, however.

[7 <./pics/pertanyaanDanKode.png (PNG copy)> <./pics/jenisPertanyaan.png (PNG c
opy)>]
<pics/savePertanyaan.png, id=374, 734.745pt x 169.38281pt>
File: pics/savePertanyaan.png Graphic file (type png)
<use pics/savePertanyaan.png>
Package pdftex.def Info: pics/savePertanyaan.png  used on input line 98.
(pdftex.def)             Requested size: 367.3716pt x 84.6912pt.

Underfull \hbox (badness 10000) in paragraph at lines 95--102

 []


Package Fancyhdr Warning: \headheight is too small (0.0pt): 
 Make it at least 14.49998pt.
 We now make it that large for the rest of the document.
 This may cause the page layout to be inconsistent, however.

[8 <./pics/komentarResponden.png (PNG copy)> <./pics/jenisRespon.png>]
<pics/pertanyaanSummary.png, id=382, 743.77875pt x 268.75406pt>
File: pics/pertanyaanSummary.png Graphic file (type png)
<use pics/pertanyaanSummary.png>
Package pdftex.def Info: pics/pertanyaanSummary.png  used on input line 106.
(pdftex.def)             Requested size: 371.88846pt x 134.3767pt.

Underfull \hbox (badness 10000) in paragraph at lines 103--110

 []

<pics/labelSet.png, id=385, 718.18312pt x 316.93407pt>
File: pics/labelSet.png Graphic file (type png)
<use pics/labelSet.png>
Package pdftex.def Info: pics/labelSet.png  used on input line 114.
(pdftex.def)             Requested size: 359.09068pt x 158.46664pt.

Underfull \hbox (badness 10000) in paragraph at lines 111--118

 []


Package Fancyhdr Warning: \headheight is too small (0.0pt): 
 Make it at least 14.49998pt.
 We now make it that large for the rest of the document.
 This may cause the page layout to be inconsistent, however.

[9 <./pics/savePertanyaan.png (PNG copy)> <./pics/pertanyaanSummary.png (PNG co
py)>]
<pics/labelSet1.png, id=395, 785.18344pt x 362.85562pt>
File: pics/labelSet1.png Graphic file (type png)
<use pics/labelSet1.png>
Package pdftex.def Info: pics/labelSet1.png  used on input line 123.
(pdftex.def)             Requested size: 392.59076pt x 181.42737pt.
<pics/labelSet2.png, id=396, 746.03719pt x 397.485pt>
File: pics/labelSet2.png Graphic file (type png)
<use pics/labelSet2.png>
Package pdftex.def Info: pics/labelSet2.png  used on input line 131.
(pdftex.def)             Requested size: 373.01767pt x 198.742pt.


Package Fancyhdr Warning: \headheight is too small (0.0pt): 
 Make it at least 14.49998pt.
 We now make it that large for the rest of the document.
 This may cause the page layout to be inconsistent, however.

[10 <./pics/labelSet.png (PNG copy)> <./pics/labelSet1.png (PNG copy)>]
<pics/importSurvey.png, id=402, 612.03656pt x 253.69781pt>
File: pics/importSurvey.png Graphic file (type png)
<use pics/importSurvey.png>
Package pdftex.def Info: pics/importSurvey.png  used on input line 143.
(pdftex.def)             Requested size: 306.01753pt x 126.84859pt.
<pics/exportSurvey.png, id=404, 516.42938pt x 116.68594pt>
File: pics/exportSurvey.png Graphic file (type png)
<use pics/exportSurvey.png>
Package pdftex.def Info: pics/exportSurvey.png  used on input line 153.
(pdftex.def)             Requested size: 258.21405pt x 58.34282pt.


Package Fancyhdr Warning: \headheight is too small (0.0pt): 
 Make it at least 14.49998pt.
 We now make it that large for the rest of the document.
 This may cause the page layout to be inconsistent, however.

[11 <./pics/labelSet2.png (PNG copy)> <./pics/importSurvey.png (PNG copy)>]
<pics/exportSurvey1.png, id=411, 596.98032pt x 305.64188pt>
File: pics/exportSurvey1.png Graphic file (type png)
<use pics/exportSurvey1.png>
Package pdftex.def Info: pics/exportSurvey1.png  used on input line 163.
(pdftex.def)             Requested size: 298.48943pt x 152.82056pt.
<pics/copySurvey.png, id=413, 963.6pt x 574.145pt>
File: pics/copySurvey.png Graphic file (type png)
<use pics/copySurvey.png>
Package pdftex.def Info: pics/copySurvey.png  used on input line 173.
(pdftex.def)             Requested size: 337.26506pt x 200.95375pt.


Package Fancyhdr Warning: \headheight is too small (0.0pt): 
 Make it at least 14.49998pt.
 We now make it that large for the rest of the document.
 This may cause the page layout to be inconsistent, however.

[12 <./pics/exportSurvey.png (PNG copy)> <./pics/exportSurvey1.png (PNG copy)>]
<pics/modifSurveyTitle.png, id=420, 746.03719pt x 246.1697pt>
File: pics/modifSurveyTitle.png Graphic file (type png)
<use pics/modifSurveyTitle.png>
Package pdftex.def Info: pics/modifSurveyTitle.png  used on input line 183.
(pdftex.def)             Requested size: 373.01767pt x 123.08453pt.
<pics/konfirmasiPartisipan.png, id=423, 707.64375pt x 287.57437pt>
File: pics/konfirmasiPartisipan.png Graphic file (type png)
<use pics/konfirmasiPartisipan.png>
Package pdftex.def Info: pics/konfirmasiPartisipan.png  used on input line 194.

(pdftex.def)             Requested size: 247.67902pt x 100.65253pt.

Package Fancyhdr Warning: \headheight is too small (0.0pt): 
 Make it at least 14.49998pt.
 We now make it that large for the rest of the document.
 This may cause the page layout to be inconsistent, however.

[13 <./pics/copySurvey.png (PNG copy)> <./pics/modifSurveyTitle.png (PNG copy)>
]
<pics/konfirmasiPartisipan1.png, id=429, 697.8572pt x 179.92218pt>
File: pics/konfirmasiPartisipan1.png Graphic file (type png)
<use pics/konfirmasiPartisipan1.png>
Package pdftex.def Info: pics/konfirmasiPartisipan1.png  used on input line 204
.
(pdftex.def)             Requested size: 348.92773pt x 89.96086pt.
<pics/addResponden.png, id=431, 1371.1225pt x 604.2575pt>
File: pics/addResponden.png Graphic file (type png)
<use pics/addResponden.png>
Package pdftex.def Info: pics/addResponden.png  used on input line 214.
(pdftex.def)             Requested size: 342.77979pt x 151.064pt.
<pics/addResponden1.png, id=433, 713.66624pt x 394.47375pt>
File: pics/addResponden1.png Graphic file (type png)
<use pics/addResponden1.png>
Package pdftex.def Info: pics/addResponden1.png  used on input line 224.
(pdftex.def)             Requested size: 356.83224pt x 197.23639pt.


Package Fancyhdr Warning: \headheight is too small (0.0pt): 
 Make it at least 14.49998pt.
 We now make it that large for the rest of the document.
 This may cause the page layout to be inconsistent, however.

[14 <./pics/konfirmasiPartisipan.png (PNG copy)> <./pics/konfirmasiPartisipan1.
png (PNG copy)> <./pics/addResponden.png (PNG copy)>]
<pics/csvFile.png, id=441, 727.21687pt x 382.42876pt>
File: pics/csvFile.png Graphic file (type png)
<use pics/csvFile.png>
Package pdftex.def Info: pics/csvFile.png  used on input line 234.
(pdftex.def)             Requested size: 363.60754pt x 191.2139pt.
<pics/csvFile1.png, id=443, 260.47313pt x 273.27094pt>
File: pics/csvFile1.png Graphic file (type png)
<use pics/csvFile1.png>
Package pdftex.def Info: pics/csvFile1.png  used on input line 244.
(pdftex.def)             Requested size: 130.23624pt x 136.63512pt.


Package Fancyhdr Warning: \headheight is too small (0.0pt): 
 Make it at least 14.49998pt.
 We now make it that large for the rest of the document.
 This may cause the page layout to be inconsistent, however.

[15 <./pics/addResponden1.png (PNG copy)> <./pics/csvFile.png (PNG copy)>]
<pics/csvFile2.png, id=450, 718.18312pt x 378.66469pt>
File: pics/csvFile2.png Graphic file (type png)
<use pics/csvFile2.png>
Package pdftex.def Info: pics/csvFile2.png  used on input line 254.
(pdftex.def)             Requested size: 359.09068pt x 189.33188pt.
<pics/addResponden2.png, id=451, 825.0825pt x 419.31656pt>
File: pics/addResponden2.png Graphic file (type png)
<use pics/addResponden2.png>
Package pdftex.def Info: pics/addResponden2.png  used on input line 262.
(pdftex.def)             Requested size: 412.54024pt x 209.65776pt.

Overfull \hbox (14.20164pt too wide) in paragraph at lines 262--263
 [] 
 []


Package Fancyhdr Warning: \headheight is too small (0.0pt): 
 Make it at least 14.49998pt.
 We now make it that large for the rest of the document.
 This may cause the page layout to be inconsistent, however.

[16 <./pics/csvFile1.png (PNG copy)> <./pics/csvFile2.png (PNG copy)>]
<pics/konfirmasiTokens.png, id=459, 729.47531pt x 170.13562pt>
File: pics/konfirmasiTokens.png Graphic file (type png)
<use pics/konfirmasiTokens.png>
Package pdftex.def Info: pics/konfirmasiTokens.png  used on input line 272.
(pdftex.def)             Requested size: 364.73676pt x 85.0676pt.
<pics/tokenGenerated.png, id=462, 731.73375pt x 164.86594pt>
File: pics/tokenGenerated.png Graphic file (type png)
<use pics/tokenGenerated.png>
Package pdftex.def Info: pics/tokenGenerated.png  used on input line 282.
(pdftex.def)             Requested size: 365.86598pt x 82.43275pt.


Package Fancyhdr Warning: \headheight is too small (0.0pt): 
 Make it at least 14.49998pt.
 We now make it that large for the rest of the document.
 This may cause the page layout to be inconsistent, however.

[17 <./pics/addResponden2.png (PNG copy)> <./pics/konfirmasiTokens.png (PNG cop
y)>]
<pics/aktivasiSurvey.png, id=468, 780.9175pt x 79.29625pt>
File: pics/aktivasiSurvey.png Graphic file (type png)
<use pics/aktivasiSurvey.png>
Package pdftex.def Info: pics/aktivasiSurvey.png  used on input line 292.
(pdftex.def)             Requested size: 390.4578pt x 39.64801pt.
<pics/konfirmasiAktivasi.png, id=470, 985.6825pt x 570.13pt>
File: pics/konfirmasiAktivasi.png Graphic file (type png)
<use pics/konfirmasiAktivasi.png>
Package pdftex.def Info: pics/konfirmasiAktivasi.png  used on input line 302.
(pdftex.def)             Requested size: 344.99403pt x 199.5485pt.
<pics/aktivasiBerhasil.png, id=472, 752.8125pt x 236.38312pt>
File: pics/aktivasiBerhasil.png Graphic file (type png)
<use pics/aktivasiBerhasil.png>
Package pdftex.def Info: pics/aktivasiBerhasil.png  used on input line 312.
(pdftex.def)             Requested size: 376.40532pt x 118.19127pt.


Package Fancyhdr Warning: \headheight is too small (0.0pt): 
 Make it at least 14.49998pt.
 We now make it that large for the rest of the document.
 This may cause the page layout to be inconsistent, however.

[18 <./pics/tokenGenerated.png (PNG copy)> <./pics/aktivasiSurvey.png (PNG copy
)> <./pics/konfirmasiAktivasi.png (PNG copy)>]
<pics/undangan.png, id=480, 833.1125pt x 209.78375pt>
File: pics/undangan.png Graphic file (type png)
<use pics/undangan.png>
Package pdftex.def Info: pics/undangan.png  used on input line 323.
(pdftex.def)             Requested size: 416.55524pt x 104.8916pt.

Overfull \hbox (18.21664pt too wide) in paragraph at lines 323--324
 [] 
 []

<pics/undangan1.png, id=481, 1016.29688pt x 443.40656pt>
File: pics/undangan1.png Graphic file (type png)
<use pics/undangan1.png>
Package pdftex.def Info: pics/undangan1.png  used on input line 331.
(pdftex.def)             Requested size: 355.70924pt x 155.19461pt.

Package Fancyhdr Warning: \headheight is too small (0.0pt): 
 Make it at least 14.49998pt.
 We now make it that large for the rest of the document.
 This may cause the page layout to be inconsistent, however.

[19 <./pics/aktivasiBerhasil.png (PNG copy)> <./pics/undangan.png (PNG copy)>]
<pics/undangan2.png, id=487, 654.19406pt x 272.51813pt>
File: pics/undangan2.png Graphic file (type png)
<use pics/undangan2.png>
Package pdftex.def Info: pics/undangan2.png  used on input line 341.
(pdftex.def)             Requested size: 327.09622pt x 136.25873pt.
<pics/undangan3.png, id=489, 439.6425pt x 265.74281pt>
File: pics/undangan3.png Graphic file (type png)
<use pics/undangan3.png>
Package pdftex.def Info: pics/undangan3.png  used on input line 351.
(pdftex.def)             Requested size: 219.82071pt x 132.87108pt.


Package Fancyhdr Warning: \headheight is too small (0.0pt): 
 Make it at least 14.49998pt.
 We now make it that large for the rest of the document.
 This may cause the page layout to be inconsistent, however.

[20 <./pics/undangan1.png (PNG copy)> <./pics/undangan2.png (PNG copy)>]
<pics/tanpaEmail.png, id=499, 957.5775pt x 286.82156pt>
File: pics/tanpaEmail.png Graphic file (type png)
<use pics/tanpaEmail.png>
Package pdftex.def Info: pics/tanpaEmail.png  used on input line 362.
(pdftex.def)             Requested size: 383.02422pt x 114.72658pt.
)

Package Fancyhdr Warning: \headheight is too small (0.0pt): 
 Make it at least 14.49998pt.
 We now make it that large for the rest of the document.
 This may cause the page layout to be inconsistent, however.

[21 <./pics/undangan3.png (PNG copy)> <./pics/tanpaEmail.png (PNG copy)>]
\openout2 = `bab3.aux'.


(./bab3.tex
BAB 3.

Package hyperref Warning: Token not allowed in a PDF string (PDFDocEncoding):
(hyperref)                removing `\uppercase' on input line 1.

<pics/unduhHasil.png, id=508, 1339.0025pt x 197.73875pt>
File: pics/unduhHasil.png Graphic file (type png)
<use pics/unduhHasil.png>
Package pdftex.def Info: pics/unduhHasil.png  used on input line 6.
(pdftex.def)             Requested size: 334.7498pt x 49.43456pt.
<pics/unduhHasil1.png, id=509, 1125.20375pt x 155.58125pt>
File: pics/unduhHasil1.png Graphic file (type png)
<use pics/unduhHasil1.png>
Package pdftex.def Info: pics/unduhHasil1.png  used on input line 14.
(pdftex.def)             Requested size: 393.82721pt x 54.45424pt.
<pics/dialogUnduhan.png, id=511, 1005.7575pt x 445.665pt>
File: pics/dialogUnduhan.png Graphic file (type png)
<use pics/dialogUnduhan.png>
Package pdftex.def Info: pics/dialogUnduhan.png  used on input line 24.
(pdftex.def)             Requested size: 251.43875pt x 111.41597pt.
<pics/formatExcel.png, id=513, 338.76563pt x 178.41656pt>
File: pics/formatExcel.png Graphic file (type png)
<use pics/formatExcel.png>
Package pdftex.def Info: pics/formatExcel.png  used on input line 35.
(pdftex.def)             Requested size: 169.38239pt x 89.20805pt.

Underfull \hbox (badness 10000) in paragraph at lines 32--39

 []

[22



 <./pics/unduhHasil.png (PNG copy)> <./pics/unduhHasil1.png (PNG copy)> <./pics
/dialogUnduhan.png (PNG copy)>]
<pics/kodeJawaban.png, id=519, 335.00156pt x 256.70906pt>
File: pics/kodeJawaban.png Graphic file (type png)
<use pics/kodeJawaban.png>
Package pdftex.def Info: pics/kodeJawaban.png  used on input line 43.
(pdftex.def)             Requested size: 167.50037pt x 128.3542pt.

Underfull \hbox (badness 10000) in paragraph at lines 40--47

 []

<pics/kolomHasil.png, id=521, 335.75438pt x 393.72093pt>
File: pics/kolomHasil.png Graphic file (type png)
<use pics/kolomHasil.png>
Package pdftex.def Info: pics/kolomHasil.png  used on input line 51.
(pdftex.def)             Requested size: 167.87677pt x 196.85999pt.

Underfull \hbox (badness 10000) in paragraph at lines 48--55

 []


Package Fancyhdr Warning: \headheight is too small (0.0pt): 
 Make it at least 14.49998pt.
 We now make it that large for the rest of the document.
 This may cause the page layout to be inconsistent, however.

[23 <./pics/formatExcel.png (PNG copy)> <./pics/kodeJawaban.png (PNG copy)>]
<pics/formatPertanyaan.png, id=532, 338.76563pt x 423.08063pt>
File: pics/formatPertanyaan.png Graphic file (type png)
<use pics/formatPertanyaan.png>
Package pdftex.def Info: pics/formatPertanyaan.png  used on input line 59.
(pdftex.def)             Requested size: 169.38239pt x 211.5398pt.

Underfull \hbox (badness 10000) in paragraph at lines 56--63

 []

)

Package Fancyhdr Warning: \headheight is too small (0.0pt): 
 Make it at least 14.49998pt.
 We now make it that large for the rest of the document.
 This may cause the page layout to be inconsistent, however.

[24 <./pics/kolomHasil.png (PNG copy)> <./pics/formatPertanyaan.png (PNG copy)>
]
\openout2 = `bab4.aux'.

 (./bab4.tex
BAB 4.

Package hyperref Warning: Token not allowed in a PDF string (PDFDocEncoding):
(hyperref)                removing `\uppercase' on input line 1.

<pics/masukLagi2.png, id=539, 962.84718pt x 371.88937pt>
File: pics/masukLagi2.png Graphic file (type png)
<use pics/masukLagi2.png>
Package pdftex.def Info: pics/masukLagi2.png  used on input line 6.
(pdftex.def)             Requested size: 337.00156pt x 130.16322pt.
<pics/masukLagi0.png, id=542, 296.60812pt x 88.07906pt>
File: pics/masukLagi0.png Graphic file (type png)
<use pics/masukLagi0.png>
Package pdftex.def Info: pics/masukLagi0.png  used on input line 16.
(pdftex.def)             Requested size: 148.3037pt x 44.03941pt.
<pics/lanjutLagi.png, id=545, 889.82437pt x 393.72093pt>
File: pics/lanjutLagi.png Graphic file (type png)
<use pics/lanjutLagi.png>
Package pdftex.def Info: pics/lanjutLagi.png  used on input line 27.
(pdftex.def)             Requested size: 311.44319pt x 137.80438pt.
[25



 <./pics/masukLagi2.png (PNG copy)> <./pics/masukLagi0.png (PNG copy)>]
<pics/lanjutLagi1.png, id=550, 871.75688pt x 239.39438pt>
File: pics/lanjutLagi1.png Graphic file (type png)
<use pics/lanjutLagi1.png>
Package pdftex.def Info: pics/lanjutLagi1.png  used on input line 35.
(pdftex.def)             Requested size: 435.87738pt x 119.69688pt.

Overfull \hbox (37.53879pt too wide) in paragraph at lines 35--36
 [] 
 []

<pics/surveyDisimpan.png, id=553, 594.22pt x 176.66pt>
File: pics/surveyDisimpan.png Graphic file (type png)
<use pics/surveyDisimpan.png>
Package pdftex.def Info: pics/surveyDisimpan.png  used on input line 45.
(pdftex.def)             Requested size: 297.10927pt x 88.32977pt.
<pics/gakBsLanjut.png, id=554, 1005.00468pt x 138.5175pt>
File: pics/gakBsLanjut.png Graphic file (type png)
<use pics/gakBsLanjut.png>
Package pdftex.def Info: pics/gakBsLanjut.png  used on input line 53.
(pdftex.def)             Requested size: 351.75691pt x 48.48184pt.
)

Package Fancyhdr Warning: \headheight is too small (0.0pt): 
 Make it at least 14.49998pt.
 We now make it that large for the rest of the document.
 This may cause the page layout to be inconsistent, however.

[26 <./pics/lanjutLagi.png (PNG copy)> <./pics/lanjutLagi1.png (PNG copy)> <./p
ics/surveyDisimpan.png (PNG copy)>]

Package Fancyhdr Warning: \headheight is too small (0.0pt): 
 Make it at least 14.49998pt.
 We now make it that large for the rest of the document.
 This may cause the page layout to be inconsistent, however.

[27 <./pics/gakBsLanjut.png (PNG copy)>] 
AED: lastpage setting LastPage
Package atveryend Info: Empty hook `BeforeClearDocument' on input line 115.
Package atveryend Info: Empty hook `AfterLastShipout' on input line 115.
(./tutorial.aux (./sampul.aux) (./pengantar.aux) (./bab1.aux) (./bab2.aux)
(./bab3.aux) (./bab4.aux))
Package atveryend Info: Executing hook `AtVeryEndDocument' on input line 115.
Package atveryend Info: Executing hook `AtEndAfterFileList' on input line 115.
Package rerunfilecheck Info: File `tutorial.out' has not changed.
(rerunfilecheck)             Checksum: 062F73D8F96120E5130E4DC1F3817723;907.


LaTeX Warning: There were multiply-defined labels.

Package atveryend Info: Empty hook `AtVeryVeryEnd' on input line 115.
 ) 
Here is how much of TeX's memory you used:
 10066 strings out of 492982
 150529 string characters out of 6134897
 250955 words of memory out of 5000000
 13206 multiletter control sequences out of 15000+600000
 10785 words of font info for 39 fonts, out of 8000000 for 9000
 1212 hyphenation exceptions out of 8191
 44i,12n,45p,756b,508s stack positions out of 5000i,500n,10000p,200000b,80000s
pdfTeX warning (dest): name{Hfootnote.1} has been referenced but does not exi
st, replaced by a fixed one

{/usr/share/texmf/fonts/enc/dvips/cm-super/cm-super-ts1.enc}</usr/share/texlive
/texmf-dist/fonts/type1/public/amsfonts/cm/cmbx10.pfb></usr/share/texlive/texmf
-dist/fonts/type1/public/amsfonts/cm/cmbx12.pfb></usr/share/texlive/texmf-dist/
fonts/type1/public/amsfonts/cm/cmbxti10.pfb></usr/share/texlive/texmf-dist/font
s/type1/public/amsfonts/cm/cmr10.pfb></usr/share/texlive/texmf-dist/fonts/type1
/public/amsfonts/cm/cmr12.pfb></usr/share/texlive/texmf-dist/fonts/type1/public
/amsfonts/cm/cmr7.pfb></usr/share/texlive/texmf-dist/fonts/type1/public/amsfont
s/cm/cmr8.pfb></usr/share/texlive/texmf-dist/fonts/type1/public/amsfonts/cm/cmt
i10.pfb></usr/share/texlive/texmf-dist/fonts/type1/public/amsfonts/cm/cmti12.pf
b></usr/share/texlive/texmf-dist/fonts/type1/public/amsfonts/cm/cmtt10.pfb></us
r/share/texlive/texmf-dist/fonts/type1/public/amsfonts/cm/cmtt12.pfb></usr/shar
e/texmf/fonts/type1/public/cm-super/sfrm1000.pfb></usr/share/texmf/fonts/type1/
public/cm-super/sfrm1200.pfb>
Output written on tutorial.pdf (32 pages, 1914146 bytes).
PDF statistics:
 634 PDF objects out of 1000 (max. 8388607)
 523 compressed objects within 6 object streams
 112 named destinations out of 1000 (max. 500000)
 398 words of extra memory for PDF output out of 10000 (max. 10000000)

